<resultados>
	<mundos>
		<mundo nombre="mundo_0">
			<linea fila="26" compresionDeCeros="true">(2) 1 (5) 1 (8) 1 (11) 1 (14) 1 (17) 1 (20) 1 (23) 1 (26) 1 </linea>
			<linea fila="24" compresionDeCeros="true">(4) 1 1 1 (13) 1 1 1 (22) 1 1 1 </linea>
			<linea fila="23" compresionDeCeros="true">(2) 1 (4) 1 1 1 (8) 1 (11) 1 (13) 1 1 1 (17) 1 (20) 1 (22) 1 1 1 (26) 1 </linea>
			<linea fila="22" compresionDeCeros="true">(4) 1 1 1 (13) 1 1 1 (22) 1 1 1 </linea>
			<linea fila="20" compresionDeCeros="true">(2) 1 (5) 1 (8) 1 (11) 1 (14) 1 (17) 1 (20) 1 (23) 1 (26) 1 </linea>
			<linea fila="18" compresionDeCeros="true">(10) 1 1 1 1 1 1 1 1 1 </linea>
			<linea fila="17" compresionDeCeros="true">(2) 1 (5) 1 (8) 1 (10) 1 1 1 1 1 1 1 1 1 (20) 1 (23) 1 (26) 1 </linea>
			<linea fila="16" compresionDeCeros="true">(10) 1 1 1 1 1 1 1 1 1 </linea>
			<linea fila="15" compresionDeCeros="true">(4) 1 1 1 (10) 1 1 1 1 1 1 1 1 1 (22) 1 1 1 </linea>
			<linea fila="14" compresionDeCeros="true">(2) 1 (4) 1 1 1 (8) 1 (10) 1 1 1 1 1 1 1 1 1 (20) 1 (22) 1 1 1 (26) 1 </linea>
			<linea fila="13" compresionDeCeros="true">(4) 1 1 1 (10) 1 1 1 1 1 1 1 1 1 (22) 1 1 1 </linea>
			<linea fila="12" compresionDeCeros="true">(10) 1 1 1 1 1 1 1 1 1 </linea>
			<linea fila="11" compresionDeCeros="true">(2) 1 (5) 1 (8) 1 (10) 1 1 1 1 1 1 1 1 1 (20) 1 (23) 1 (26) 1 </linea>
			<linea fila="10" compresionDeCeros="true">(10) 1 1 1 1 1 1 1 1 1 </linea>
			<linea fila="8" compresionDeCeros="true">(2) 1 (5) 1 (8) 1 (11) 1 (14) 1 (17) 1 (20) 1 (23) 1 (26) 1 </linea>
			<linea fila="6" compresionDeCeros="true">(4) 1 1 1 (13) 1 1 1 (22) 1 1 1 </linea>
			<linea fila="5" compresionDeCeros="true">(2) 1 (4) 1 1 1 (8) 1 (11) 1 (13) 1 1 1 (17) 1 (20) 1 (22) 1 1 1 (26) 1 </linea>
			<linea fila="4" compresionDeCeros="true">(4) 1 1 1 (13) 1 1 1 (22) 1 1 1 </linea>
			<linea fila="2" compresionDeCeros="true">(2) 1 (5) 1 (8) 1 (11) 1 (14) 1 (17) 1 (20) 1 (23) 1 (26) 1 </linea>
		</mundo>
	</mundos>
	<programas>
		<programa nombre="p1" resultadoEjecucion="FIN PROGRAMA"/>
	</programas>
</resultados>

