<resultados>
	<mundos>
		<mundo nombre="mundo_0">
			<linea fila="22" compresionDeCeros="true">(12) 1 1 1 1 1 1 1 1 1 1 1 </linea>
			<linea fila="21" compresionDeCeros="true">(12) 1 1 1 1 1 1 1 1 1 1 1 </linea>
			<linea fila="20" compresionDeCeros="true">(12) 1 1 1 1 1 1 1 1 1 1 1 </linea>
			<linea fila="19" compresionDeCeros="true">(12) 1 1 1 1 1 1 1 1 1 1 1 </linea>
			<linea fila="18" compresionDeCeros="true">(12) 1 1 1 1 1 1 1 1 1 1 1 </linea>
			<linea fila="17" compresionDeCeros="true">(12) 1 1 1 1 1 1 1 1 1 1 1 </linea>
			<linea fila="16" compresionDeCeros="true">(12) 1 1 1 1 1 1 1 1 1 1 1 </linea>
			<linea fila="15" compresionDeCeros="true">(12) 1 1 1 1 1 1 1 1 1 1 1 </linea>
			<linea fila="14" compresionDeCeros="true">(12) 1 1 1 1 1 1 1 1 1 1 1 </linea>
			<linea fila="13" compresionDeCeros="true">(12) 1 1 1 1 1 1 1 1 1 1 1 </linea>
			<linea fila="12" compresionDeCeros="true">(12) 1 1 1 1 1 1 1 1 1 1 1 </linea>
		</mundo>
	</mundos>
	<programas>
		<programa nombre="p1" resultadoEjecucion="FIN PROGRAMA"/>
	</programas>
</resultados>

