<resultados>
	<mundos>
		<mundo nombre="mundo_0">
			<linea fila="32" compresionDeCeros="true">(5) 1 1 1 1 (17) 1 1 1 1 (29) 1 1 1 1 </linea>
			<linea fila="31" compresionDeCeros="true">(5) 1 1 1 1 (17) 1 1 1 1 (29) 1 1 1 1 </linea>
			<linea fila="30" compresionDeCeros="true">(5) 1 1 1 1 (17) 1 1 1 1 (29) 1 1 1 1 </linea>
			<linea fila="29" compresionDeCeros="true">(5) 1 1 1 1 (17) 1 1 1 1 (29) 1 1 1 1 </linea>
			<linea fila="24" compresionDeCeros="true">(13) 1 1 1 1 1 1 1 1 1 1 1 1 </linea>
			<linea fila="23" compresionDeCeros="true">(13) 1 1 1 1 1 1 1 1 1 1 1 1 </linea>
			<linea fila="22" compresionDeCeros="true">(13) 1 1 1 1 1 1 1 1 1 1 1 1 </linea>
			<linea fila="21" compresionDeCeros="true">(13) 1 1 1 1 1 1 1 1 1 1 1 1 </linea>
			<linea fila="20" compresionDeCeros="true">(5) 1 1 1 1 (13) 1 1 1 1 1 1 1 1 1 1 1 1 (29) 1 1 1 1 </linea>
			<linea fila="19" compresionDeCeros="true">(5) 1 1 1 1 (13) 1 1 1 1 1 1 1 1 1 1 1 1 (29) 1 1 1 1 </linea>
			<linea fila="18" compresionDeCeros="true">(5) 1 1 1 1 (13) 1 1 1 1 1 1 1 1 1 1 1 1 (29) 1 1 1 1 </linea>
			<linea fila="17" compresionDeCeros="true">(5) 1 1 1 1 (13) 1 1 1 1 1 1 1 1 1 1 1 1 (29) 1 1 1 1 </linea>
			<linea fila="16" compresionDeCeros="true">(13) 1 1 1 1 1 1 1 1 1 1 1 1 </linea>
			<linea fila="15" compresionDeCeros="true">(13) 1 1 1 1 1 1 1 1 1 1 1 1 </linea>
			<linea fila="14" compresionDeCeros="true">(13) 1 1 1 1 1 1 1 1 1 1 1 1 </linea>
			<linea fila="13" compresionDeCeros="true">(13) 1 1 1 1 1 1 1 1 1 1 1 1 </linea>
			<linea fila="8" compresionDeCeros="true">(5) 1 1 1 1 (17) 1 1 1 1 (29) 1 1 1 1 </linea>
			<linea fila="7" compresionDeCeros="true">(5) 1 1 1 1 (17) 1 1 1 1 (29) 1 1 1 1 </linea>
			<linea fila="6" compresionDeCeros="true">(5) 1 1 1 1 (17) 1 1 1 1 (29) 1 1 1 1 </linea>
			<linea fila="5" compresionDeCeros="true">(5) 1 1 1 1 (17) 1 1 1 1 (29) 1 1 1 1 </linea>
		</mundo>
	</mundos>
	<programas>
		<programa nombre="p1" resultadoEjecucion="FIN PROGRAMA"/>
	</programas>
</resultados>

