<resultados>
	<mundos>
		<mundo nombre="mundo_0">
			<linea fila="52" compresionDeCeros="true">(3) 1 1 (9) 1 1 (15) 1 1 (21) 1 1 (27) 1 1 (33) 1 1 (39) 1 1 (45) 1 1 (51) 1 1 </linea>
			<linea fila="51" compresionDeCeros="true">(3) 1 1 (9) 1 1 (15) 1 1 (21) 1 1 (27) 1 1 (33) 1 1 (39) 1 1 (45) 1 1 (51) 1 1 </linea>
			<linea fila="48" compresionDeCeros="true">(7) 1 1 1 1 1 1 (25) 1 1 1 1 1 1 (43) 1 1 1 1 1 1 </linea>
			<linea fila="47" compresionDeCeros="true">(7) 1 1 1 1 1 1 (25) 1 1 1 1 1 1 (43) 1 1 1 1 1 1 </linea>
			<linea fila="46" compresionDeCeros="true">(3) 1 1 (7) 1 1 1 1 1 1 (15) 1 1 (21) 1 1 (25) 1 1 1 1 1 1 (33) 1 1 (39) 1 1 (43) 1 1 1 1 1 1 (51) 1 1 </linea>
			<linea fila="45" compresionDeCeros="true">(3) 1 1 (7) 1 1 1 1 1 1 (15) 1 1 (21) 1 1 (25) 1 1 1 1 1 1 (33) 1 1 (39) 1 1 (43) 1 1 1 1 1 1 (51) 1 1 </linea>
			<linea fila="44" compresionDeCeros="true">(7) 1 1 1 1 1 1 (25) 1 1 1 1 1 1 (43) 1 1 1 1 1 1 </linea>
			<linea fila="43" compresionDeCeros="true">(7) 1 1 1 1 1 1 (25) 1 1 1 1 1 1 (43) 1 1 1 1 1 1 </linea>
			<linea fila="40" compresionDeCeros="true">(3) 1 1 (9) 1 1 (15) 1 1 (21) 1 1 (27) 1 1 (33) 1 1 (39) 1 1 (45) 1 1 (51) 1 1 </linea>
			<linea fila="39" compresionDeCeros="true">(3) 1 1 (9) 1 1 (15) 1 1 (21) 1 1 (27) 1 1 (33) 1 1 (39) 1 1 (45) 1 1 (51) 1 1 </linea>
			<linea fila="36" compresionDeCeros="true">(19) 1 1 1 1 1 1 1 1 1 1 1 1 1 1 1 1 1 1 </linea>
			<linea fila="35" compresionDeCeros="true">(19) 1 1 1 1 1 1 1 1 1 1 1 1 1 1 1 1 1 1 </linea>
			<linea fila="34" compresionDeCeros="true">(3) 1 1 (9) 1 1 (15) 1 1 (19) 1 1 1 1 1 1 1 1 1 1 1 1 1 1 1 1 1 1 (39) 1 1 (45) 1 1 (51) 1 1 </linea>
			<linea fila="33" compresionDeCeros="true">(3) 1 1 (9) 1 1 (15) 1 1 (19) 1 1 1 1 1 1 1 1 1 1 1 1 1 1 1 1 1 1 (39) 1 1 (45) 1 1 (51) 1 1 </linea>
			<linea fila="32" compresionDeCeros="true">(19) 1 1 1 1 1 1 1 1 1 1 1 1 1 1 1 1 1 1 </linea>
			<linea fila="31" compresionDeCeros="true">(19) 1 1 1 1 1 1 1 1 1 1 1 1 1 1 1 1 1 1 </linea>
			<linea fila="30" compresionDeCeros="true">(7) 1 1 1 1 1 1 (19) 1 1 1 1 1 1 1 1 1 1 1 1 1 1 1 1 1 1 (43) 1 1 1 1 1 1 </linea>
			<linea fila="29" compresionDeCeros="true">(7) 1 1 1 1 1 1 (19) 1 1 1 1 1 1 1 1 1 1 1 1 1 1 1 1 1 1 (43) 1 1 1 1 1 1 </linea>
			<linea fila="28" compresionDeCeros="true">(3) 1 1 (7) 1 1 1 1 1 1 (15) 1 1 (19) 1 1 1 1 1 1 1 1 1 1 1 1 1 1 1 1 1 1 (39) 1 1 (43) 1 1 1 1 1 1 (51) 1 1 </linea>
			<linea fila="27" compresionDeCeros="true">(3) 1 1 (7) 1 1 1 1 1 1 (15) 1 1 (19) 1 1 1 1 1 1 1 1 1 1 1 1 1 1 1 1 1 1 (39) 1 1 (43) 1 1 1 1 1 1 (51) 1 1 </linea>
			<linea fila="26" compresionDeCeros="true">(7) 1 1 1 1 1 1 (19) 1 1 1 1 1 1 1 1 1 1 1 1 1 1 1 1 1 1 (43) 1 1 1 1 1 1 </linea>
			<linea fila="25" compresionDeCeros="true">(7) 1 1 1 1 1 1 (19) 1 1 1 1 1 1 1 1 1 1 1 1 1 1 1 1 1 1 (43) 1 1 1 1 1 1 </linea>
			<linea fila="24" compresionDeCeros="true">(19) 1 1 1 1 1 1 1 1 1 1 1 1 1 1 1 1 1 1 </linea>
			<linea fila="23" compresionDeCeros="true">(19) 1 1 1 1 1 1 1 1 1 1 1 1 1 1 1 1 1 1 </linea>
			<linea fila="22" compresionDeCeros="true">(3) 1 1 (9) 1 1 (15) 1 1 (19) 1 1 1 1 1 1 1 1 1 1 1 1 1 1 1 1 1 1 (39) 1 1 (45) 1 1 (51) 1 1 </linea>
			<linea fila="21" compresionDeCeros="true">(3) 1 1 (9) 1 1 (15) 1 1 (19) 1 1 1 1 1 1 1 1 1 1 1 1 1 1 1 1 1 1 (39) 1 1 (45) 1 1 (51) 1 1 </linea>
			<linea fila="20" compresionDeCeros="true">(19) 1 1 1 1 1 1 1 1 1 1 1 1 1 1 1 1 1 1 </linea>
			<linea fila="19" compresionDeCeros="true">(19) 1 1 1 1 1 1 1 1 1 1 1 1 1 1 1 1 1 1 </linea>
			<linea fila="16" compresionDeCeros="true">(3) 1 1 (9) 1 1 (15) 1 1 (21) 1 1 (27) 1 1 (33) 1 1 (39) 1 1 (45) 1 1 (51) 1 1 </linea>
			<linea fila="15" compresionDeCeros="true">(3) 1 1 (9) 1 1 (15) 1 1 (21) 1 1 (27) 1 1 (33) 1 1 (39) 1 1 (45) 1 1 (51) 1 1 </linea>
			<linea fila="12" compresionDeCeros="true">(7) 1 1 1 1 1 1 (25) 1 1 1 1 1 1 (43) 1 1 1 1 1 1 </linea>
			<linea fila="11" compresionDeCeros="true">(7) 1 1 1 1 1 1 (25) 1 1 1 1 1 1 (43) 1 1 1 1 1 1 </linea>
			<linea fila="10" compresionDeCeros="true">(3) 1 1 (7) 1 1 1 1 1 1 (15) 1 1 (21) 1 1 (25) 1 1 1 1 1 1 (33) 1 1 (39) 1 1 (43) 1 1 1 1 1 1 (51) 1 1 </linea>
			<linea fila="9" compresionDeCeros="true">(3) 1 1 (7) 1 1 1 1 1 1 (15) 1 1 (21) 1 1 (25) 1 1 1 1 1 1 (33) 1 1 (39) 1 1 (43) 1 1 1 1 1 1 (51) 1 1 </linea>
			<linea fila="8" compresionDeCeros="true">(7) 1 1 1 1 1 1 (25) 1 1 1 1 1 1 (43) 1 1 1 1 1 1 </linea>
			<linea fila="7" compresionDeCeros="true">(7) 1 1 1 1 1 1 (25) 1 1 1 1 1 1 (43) 1 1 1 1 1 1 </linea>
			<linea fila="4" compresionDeCeros="true">(3) 1 1 (9) 1 1 (15) 1 1 (21) 1 1 (27) 1 1 (33) 1 1 (39) 1 1 (45) 1 1 (51) 1 1 </linea>
			<linea fila="3" compresionDeCeros="true">(3) 1 1 (9) 1 1 (15) 1 1 (21) 1 1 (27) 1 1 (33) 1 1 (39) 1 1 (45) 1 1 (51) 1 1 </linea>
		</mundo>
	</mundos>
	<programas>
		<programa nombre="p1" resultadoEjecucion="FIN PROGRAMA"/>
	</programas>
</resultados>

