<resultados>
	<mundos>
		<mundo nombre="mundo_0">
			<linea fila="40" compresionDeCeros="true">(21) 1 1 1 1 1 1 1 1 1 1 1 1 1 1 1 1 1 1 1 1 </linea>
			<linea fila="39" compresionDeCeros="true">(21) 1 1 1 1 1 1 1 1 1 1 1 1 1 1 1 1 1 1 1 1 </linea>
			<linea fila="38" compresionDeCeros="true">(21) 1 1 1 1 1 1 1 1 1 1 1 1 1 1 1 1 1 1 1 1 </linea>
			<linea fila="37" compresionDeCeros="true">(21) 1 1 1 1 1 1 1 1 1 1 1 1 1 1 1 1 1 1 1 1 </linea>
			<linea fila="36" compresionDeCeros="true">(21) 1 1 1 1 1 1 1 1 1 1 1 1 1 1 1 1 1 1 1 1 </linea>
			<linea fila="35" compresionDeCeros="true">(21) 1 1 1 1 1 1 1 1 1 1 1 1 1 1 1 1 1 1 1 1 </linea>
			<linea fila="34" compresionDeCeros="true">(21) 1 1 1 1 1 1 1 1 1 1 1 1 1 1 1 1 1 1 1 1 </linea>
			<linea fila="33" compresionDeCeros="true">(21) 1 1 1 1 1 1 1 1 1 1 1 1 1 1 1 1 1 1 1 1 </linea>
			<linea fila="32" compresionDeCeros="true">(21) 1 1 1 1 1 1 1 1 1 1 1 1 1 1 1 1 1 1 1 1 </linea>
			<linea fila="31" compresionDeCeros="true">(21) 1 1 1 1 1 1 1 1 1 1 1 1 1 1 1 1 1 1 1 1 </linea>
			<linea fila="30" compresionDeCeros="true">(21) 1 1 1 1 1 1 1 1 1 1 1 1 1 1 1 1 1 1 1 1 </linea>
			<linea fila="29" compresionDeCeros="true">(21) 1 1 1 1 1 1 1 1 1 1 1 1 1 1 1 1 1 1 1 1 </linea>
			<linea fila="28" compresionDeCeros="true">(21) 1 1 1 1 1 1 1 1 1 1 1 1 1 1 1 1 1 1 1 1 </linea>
			<linea fila="27" compresionDeCeros="true">(21) 1 1 1 1 1 1 1 1 1 1 1 1 1 1 1 1 1 1 1 1 </linea>
			<linea fila="26" compresionDeCeros="true">(21) 1 1 1 1 1 1 1 1 1 1 1 1 1 1 1 1 1 1 1 1 </linea>
			<linea fila="25" compresionDeCeros="true">(21) 1 1 1 1 1 1 1 1 1 1 1 1 1 1 1 1 1 1 1 1 </linea>
			<linea fila="24" compresionDeCeros="true">(21) 1 1 1 1 1 1 1 1 1 1 1 1 1 1 1 1 1 1 1 1 </linea>
			<linea fila="23" compresionDeCeros="true">(21) 1 1 1 1 1 1 1 1 1 1 1 1 1 1 1 1 1 1 1 1 </linea>
			<linea fila="22" compresionDeCeros="true">(21) 1 1 1 1 1 1 1 1 1 1 1 1 1 1 1 1 1 1 1 1 </linea>
			<linea fila="21" compresionDeCeros="true">(21) 1 1 1 1 1 1 1 1 1 1 1 1 1 1 1 1 1 1 1 1 </linea>
		</mundo>
	</mundos>
	<programas>
		<programa nombre="p1" resultadoEjecucion="FIN PROGRAMA"/>
	</programas>
</resultados>

