<resultados>
	<mundos>
		<mundo nombre="mundo_0">
			<linea fila="80" compresionDeCeros="true">(2) 1 (5) 1 (8) 1 (11) 1 (14) 1 (17) 1 (20) 1 (23) 1 (26) 1 (29) 1 (32) 1 (35) 1 (38) 1 (41) 1 (44) 1 (47) 1 (50) 1 (53) 1 (56) 1 (59) 1 (62) 1 (65) 1 (68) 1 (71) 1 (74) 1 (77) 1 (80) 1 </linea>
			<linea fila="78" compresionDeCeros="true">(4) 1 1 1 (13) 1 1 1 (22) 1 1 1 (31) 1 1 1 (40) 1 1 1 (49) 1 1 1 (58) 1 1 1 (67) 1 1 1 (76) 1 1 1 </linea>
			<linea fila="77" compresionDeCeros="true">(2) 1 (4) 1 1 1 (8) 1 (11) 1 (13) 1 1 1 (17) 1 (20) 1 (22) 1 1 1 (26) 1 (29) 1 (31) 1 1 1 (35) 1 (38) 1 (40) 1 1 1 (44) 1 (47) 1 (49) 1 1 1 (53) 1 (56) 1 (58) 1 1 1 (62) 1 (65) 1 (67) 1 1 1 (71) 1 (74) 1 (76) 1 1 1 (80) 1 </linea>
			<linea fila="76" compresionDeCeros="true">(4) 1 1 1 (13) 1 1 1 (22) 1 1 1 (31) 1 1 1 (40) 1 1 1 (49) 1 1 1 (58) 1 1 1 (67) 1 1 1 (76) 1 1 1 </linea>
			<linea fila="74" compresionDeCeros="true">(2) 1 (5) 1 (8) 1 (11) 1 (14) 1 (17) 1 (20) 1 (23) 1 (26) 1 (29) 1 (32) 1 (35) 1 (38) 1 (41) 1 (44) 1 (47) 1 (50) 1 (53) 1 (56) 1 (59) 1 (62) 1 (65) 1 (68) 1 (71) 1 (74) 1 (77) 1 (80) 1 </linea>
			<linea fila="72" compresionDeCeros="true">(10) 1 1 1 1 1 1 1 1 1 (37) 1 1 1 1 1 1 1 1 1 (64) 1 1 1 1 1 1 1 1 1 </linea>
			<linea fila="71" compresionDeCeros="true">(2) 1 (5) 1 (8) 1 (10) 1 1 1 1 1 1 1 1 1 (20) 1 (23) 1 (26) 1 (29) 1 (32) 1 (35) 1 (37) 1 1 1 1 1 1 1 1 1 (47) 1 (50) 1 (53) 1 (56) 1 (59) 1 (62) 1 (64) 1 1 1 1 1 1 1 1 1 (74) 1 (77) 1 (80) 1 </linea>
			<linea fila="70" compresionDeCeros="true">(10) 1 1 1 1 1 1 1 1 1 (37) 1 1 1 1 1 1 1 1 1 (64) 1 1 1 1 1 1 1 1 1 </linea>
			<linea fila="69" compresionDeCeros="true">(4) 1 1 1 (10) 1 1 1 1 1 1 1 1 1 (22) 1 1 1 (31) 1 1 1 (37) 1 1 1 1 1 1 1 1 1 (49) 1 1 1 (58) 1 1 1 (64) 1 1 1 1 1 1 1 1 1 (76) 1 1 1 </linea>
			<linea fila="68" compresionDeCeros="true">(2) 1 (4) 1 1 1 (8) 1 (10) 1 1 1 1 1 1 1 1 1 (20) 1 (22) 1 1 1 (26) 1 (29) 1 (31) 1 1 1 (35) 1 (37) 1 1 1 1 1 1 1 1 1 (47) 1 (49) 1 1 1 (53) 1 (56) 1 (58) 1 1 1 (62) 1 (64) 1 1 1 1 1 1 1 1 1 (74) 1 (76) 1 1 1 (80) 1 </linea>
			<linea fila="67" compresionDeCeros="true">(4) 1 1 1 (10) 1 1 1 1 1 1 1 1 1 (22) 1 1 1 (31) 1 1 1 (37) 1 1 1 1 1 1 1 1 1 (49) 1 1 1 (58) 1 1 1 (64) 1 1 1 1 1 1 1 1 1 (76) 1 1 1 </linea>
			<linea fila="66" compresionDeCeros="true">(10) 1 1 1 1 1 1 1 1 1 (37) 1 1 1 1 1 1 1 1 1 (64) 1 1 1 1 1 1 1 1 1 </linea>
			<linea fila="65" compresionDeCeros="true">(2) 1 (5) 1 (8) 1 (10) 1 1 1 1 1 1 1 1 1 (20) 1 (23) 1 (26) 1 (29) 1 (32) 1 (35) 1 (37) 1 1 1 1 1 1 1 1 1 (47) 1 (50) 1 (53) 1 (56) 1 (59) 1 (62) 1 (64) 1 1 1 1 1 1 1 1 1 (74) 1 (77) 1 (80) 1 </linea>
			<linea fila="64" compresionDeCeros="true">(10) 1 1 1 1 1 1 1 1 1 (37) 1 1 1 1 1 1 1 1 1 (64) 1 1 1 1 1 1 1 1 1 </linea>
			<linea fila="62" compresionDeCeros="true">(2) 1 (5) 1 (8) 1 (11) 1 (14) 1 (17) 1 (20) 1 (23) 1 (26) 1 (29) 1 (32) 1 (35) 1 (38) 1 (41) 1 (44) 1 (47) 1 (50) 1 (53) 1 (56) 1 (59) 1 (62) 1 (65) 1 (68) 1 (71) 1 (74) 1 (77) 1 (80) 1 </linea>
			<linea fila="60" compresionDeCeros="true">(4) 1 1 1 (13) 1 1 1 (22) 1 1 1 (31) 1 1 1 (40) 1 1 1 (49) 1 1 1 (58) 1 1 1 (67) 1 1 1 (76) 1 1 1 </linea>
			<linea fila="59" compresionDeCeros="true">(2) 1 (4) 1 1 1 (8) 1 (11) 1 (13) 1 1 1 (17) 1 (20) 1 (22) 1 1 1 (26) 1 (29) 1 (31) 1 1 1 (35) 1 (38) 1 (40) 1 1 1 (44) 1 (47) 1 (49) 1 1 1 (53) 1 (56) 1 (58) 1 1 1 (62) 1 (65) 1 (67) 1 1 1 (71) 1 (74) 1 (76) 1 1 1 (80) 1 </linea>
			<linea fila="58" compresionDeCeros="true">(4) 1 1 1 (13) 1 1 1 (22) 1 1 1 (31) 1 1 1 (40) 1 1 1 (49) 1 1 1 (58) 1 1 1 (67) 1 1 1 (76) 1 1 1 </linea>
			<linea fila="56" compresionDeCeros="true">(2) 1 (5) 1 (8) 1 (11) 1 (14) 1 (17) 1 (20) 1 (23) 1 (26) 1 (29) 1 (32) 1 (35) 1 (38) 1 (41) 1 (44) 1 (47) 1 (50) 1 (53) 1 (56) 1 (59) 1 (62) 1 (65) 1 (68) 1 (71) 1 (74) 1 (77) 1 (80) 1 </linea>
			<linea fila="54" compresionDeCeros="true">(28) 1 1 1 1 1 1 1 1 1 1 1 1 1 1 1 1 1 1 1 1 1 1 1 1 1 1 1 </linea>
			<linea fila="53" compresionDeCeros="true">(2) 1 (5) 1 (8) 1 (11) 1 (14) 1 (17) 1 (20) 1 (23) 1 (26) 1 (28) 1 1 1 1 1 1 1 1 1 1 1 1 1 1 1 1 1 1 1 1 1 1 1 1 1 1 1 (56) 1 (59) 1 (62) 1 (65) 1 (68) 1 (71) 1 (74) 1 (77) 1 (80) 1 </linea>
			<linea fila="52" compresionDeCeros="true">(28) 1 1 1 1 1 1 1 1 1 1 1 1 1 1 1 1 1 1 1 1 1 1 1 1 1 1 1 </linea>
			<linea fila="51" compresionDeCeros="true">(4) 1 1 1 (13) 1 1 1 (22) 1 1 1 (28) 1 1 1 1 1 1 1 1 1 1 1 1 1 1 1 1 1 1 1 1 1 1 1 1 1 1 1 (58) 1 1 1 (67) 1 1 1 (76) 1 1 1 </linea>
			<linea fila="50" compresionDeCeros="true">(2) 1 (4) 1 1 1 (8) 1 (11) 1 (13) 1 1 1 (17) 1 (20) 1 (22) 1 1 1 (26) 1 (28) 1 1 1 1 1 1 1 1 1 1 1 1 1 1 1 1 1 1 1 1 1 1 1 1 1 1 1 (56) 1 (58) 1 1 1 (62) 1 (65) 1 (67) 1 1 1 (71) 1 (74) 1 (76) 1 1 1 (80) 1 </linea>
			<linea fila="49" compresionDeCeros="true">(4) 1 1 1 (13) 1 1 1 (22) 1 1 1 (28) 1 1 1 1 1 1 1 1 1 1 1 1 1 1 1 1 1 1 1 1 1 1 1 1 1 1 1 (58) 1 1 1 (67) 1 1 1 (76) 1 1 1 </linea>
			<linea fila="48" compresionDeCeros="true">(28) 1 1 1 1 1 1 1 1 1 1 1 1 1 1 1 1 1 1 1 1 1 1 1 1 1 1 1 </linea>
			<linea fila="47" compresionDeCeros="true">(2) 1 (5) 1 (8) 1 (11) 1 (14) 1 (17) 1 (20) 1 (23) 1 (26) 1 (28) 1 1 1 1 1 1 1 1 1 1 1 1 1 1 1 1 1 1 1 1 1 1 1 1 1 1 1 (56) 1 (59) 1 (62) 1 (65) 1 (68) 1 (71) 1 (74) 1 (77) 1 (80) 1 </linea>
			<linea fila="46" compresionDeCeros="true">(28) 1 1 1 1 1 1 1 1 1 1 1 1 1 1 1 1 1 1 1 1 1 1 1 1 1 1 1 </linea>
			<linea fila="45" compresionDeCeros="true">(10) 1 1 1 1 1 1 1 1 1 (28) 1 1 1 1 1 1 1 1 1 1 1 1 1 1 1 1 1 1 1 1 1 1 1 1 1 1 1 (64) 1 1 1 1 1 1 1 1 1 </linea>
			<linea fila="44" compresionDeCeros="true">(2) 1 (5) 1 (8) 1 (10) 1 1 1 1 1 1 1 1 1 (20) 1 (23) 1 (26) 1 (28) 1 1 1 1 1 1 1 1 1 1 1 1 1 1 1 1 1 1 1 1 1 1 1 1 1 1 1 (56) 1 (59) 1 (62) 1 (64) 1 1 1 1 1 1 1 1 1 (74) 1 (77) 1 (80) 1 </linea>
			<linea fila="43" compresionDeCeros="true">(10) 1 1 1 1 1 1 1 1 1 (28) 1 1 1 1 1 1 1 1 1 1 1 1 1 1 1 1 1 1 1 1 1 1 1 1 1 1 1 (64) 1 1 1 1 1 1 1 1 1 </linea>
			<linea fila="42" compresionDeCeros="true">(4) 1 1 1 (10) 1 1 1 1 1 1 1 1 1 (22) 1 1 1 (28) 1 1 1 1 1 1 1 1 1 1 1 1 1 1 1 1 1 1 1 1 1 1 1 1 1 1 1 (58) 1 1 1 (64) 1 1 1 1 1 1 1 1 1 (76) 1 1 1 </linea>
			<linea fila="41" compresionDeCeros="true">(2) 1 (4) 1 1 1 (8) 1 (10) 1 1 1 1 1 1 1 1 1 (20) 1 (22) 1 1 1 (26) 1 (28) 1 1 1 1 1 1 1 1 1 1 1 1 1 1 1 1 1 1 1 1 1 1 1 1 1 1 1 (56) 1 (58) 1 1 1 (62) 1 (64) 1 1 1 1 1 1 1 1 1 (74) 1 (76) 1 1 1 (80) 1 </linea>
			<linea fila="40" compresionDeCeros="true">(4) 1 1 1 (10) 1 1 1 1 1 1 1 1 1 (22) 1 1 1 (28) 1 1 1 1 1 1 1 1 1 1 1 1 1 1 1 1 1 1 1 1 1 1 1 1 1 1 1 (58) 1 1 1 (64) 1 1 1 1 1 1 1 1 1 (76) 1 1 1 </linea>
			<linea fila="39" compresionDeCeros="true">(10) 1 1 1 1 1 1 1 1 1 (28) 1 1 1 1 1 1 1 1 1 1 1 1 1 1 1 1 1 1 1 1 1 1 1 1 1 1 1 (64) 1 1 1 1 1 1 1 1 1 </linea>
			<linea fila="38" compresionDeCeros="true">(2) 1 (5) 1 (8) 1 (10) 1 1 1 1 1 1 1 1 1 (20) 1 (23) 1 (26) 1 (28) 1 1 1 1 1 1 1 1 1 1 1 1 1 1 1 1 1 1 1 1 1 1 1 1 1 1 1 (56) 1 (59) 1 (62) 1 (64) 1 1 1 1 1 1 1 1 1 (74) 1 (77) 1 (80) 1 </linea>
			<linea fila="37" compresionDeCeros="true">(10) 1 1 1 1 1 1 1 1 1 (28) 1 1 1 1 1 1 1 1 1 1 1 1 1 1 1 1 1 1 1 1 1 1 1 1 1 1 1 (64) 1 1 1 1 1 1 1 1 1 </linea>
			<linea fila="36" compresionDeCeros="true">(28) 1 1 1 1 1 1 1 1 1 1 1 1 1 1 1 1 1 1 1 1 1 1 1 1 1 1 1 </linea>
			<linea fila="35" compresionDeCeros="true">(2) 1 (5) 1 (8) 1 (11) 1 (14) 1 (17) 1 (20) 1 (23) 1 (26) 1 (28) 1 1 1 1 1 1 1 1 1 1 1 1 1 1 1 1 1 1 1 1 1 1 1 1 1 1 1 (56) 1 (59) 1 (62) 1 (65) 1 (68) 1 (71) 1 (74) 1 (77) 1 (80) 1 </linea>
			<linea fila="34" compresionDeCeros="true">(28) 1 1 1 1 1 1 1 1 1 1 1 1 1 1 1 1 1 1 1 1 1 1 1 1 1 1 1 </linea>
			<linea fila="33" compresionDeCeros="true">(4) 1 1 1 (13) 1 1 1 (22) 1 1 1 (28) 1 1 1 1 1 1 1 1 1 1 1 1 1 1 1 1 1 1 1 1 1 1 1 1 1 1 1 (58) 1 1 1 (67) 1 1 1 (76) 1 1 1 </linea>
			<linea fila="32" compresionDeCeros="true">(2) 1 (4) 1 1 1 (8) 1 (11) 1 (13) 1 1 1 (17) 1 (20) 1 (22) 1 1 1 (26) 1 (28) 1 1 1 1 1 1 1 1 1 1 1 1 1 1 1 1 1 1 1 1 1 1 1 1 1 1 1 (56) 1 (58) 1 1 1 (62) 1 (65) 1 (67) 1 1 1 (71) 1 (74) 1 (76) 1 1 1 (80) 1 </linea>
			<linea fila="31" compresionDeCeros="true">(4) 1 1 1 (13) 1 1 1 (22) 1 1 1 (28) 1 1 1 1 1 1 1 1 1 1 1 1 1 1 1 1 1 1 1 1 1 1 1 1 1 1 1 (58) 1 1 1 (67) 1 1 1 (76) 1 1 1 </linea>
			<linea fila="30" compresionDeCeros="true">(28) 1 1 1 1 1 1 1 1 1 1 1 1 1 1 1 1 1 1 1 1 1 1 1 1 1 1 1 </linea>
			<linea fila="29" compresionDeCeros="true">(2) 1 (5) 1 (8) 1 (11) 1 (14) 1 (17) 1 (20) 1 (23) 1 (26) 1 (28) 1 1 1 1 1 1 1 1 1 1 1 1 1 1 1 1 1 1 1 1 1 1 1 1 1 1 1 (56) 1 (59) 1 (62) 1 (65) 1 (68) 1 (71) 1 (74) 1 (77) 1 (80) 1 </linea>
			<linea fila="28" compresionDeCeros="true">(28) 1 1 1 1 1 1 1 1 1 1 1 1 1 1 1 1 1 1 1 1 1 1 1 1 1 1 1 </linea>
			<linea fila="26" compresionDeCeros="true">(2) 1 (5) 1 (8) 1 (11) 1 (14) 1 (17) 1 (20) 1 (23) 1 (26) 1 (29) 1 (32) 1 (35) 1 (38) 1 (41) 1 (44) 1 (47) 1 (50) 1 (53) 1 (56) 1 (59) 1 (62) 1 (65) 1 (68) 1 (71) 1 (74) 1 (77) 1 (80) 1 </linea>
			<linea fila="24" compresionDeCeros="true">(4) 1 1 1 (13) 1 1 1 (22) 1 1 1 (31) 1 1 1 (40) 1 1 1 (49) 1 1 1 (58) 1 1 1 (67) 1 1 1 (76) 1 1 1 </linea>
			<linea fila="23" compresionDeCeros="true">(2) 1 (4) 1 1 1 (8) 1 (11) 1 (13) 1 1 1 (17) 1 (20) 1 (22) 1 1 1 (26) 1 (29) 1 (31) 1 1 1 (35) 1 (38) 1 (40) 1 1 1 (44) 1 (47) 1 (49) 1 1 1 (53) 1 (56) 1 (58) 1 1 1 (62) 1 (65) 1 (67) 1 1 1 (71) 1 (74) 1 (76) 1 1 1 (80) 1 </linea>
			<linea fila="22" compresionDeCeros="true">(4) 1 1 1 (13) 1 1 1 (22) 1 1 1 (31) 1 1 1 (40) 1 1 1 (49) 1 1 1 (58) 1 1 1 (67) 1 1 1 (76) 1 1 1 </linea>
			<linea fila="20" compresionDeCeros="true">(2) 1 (5) 1 (8) 1 (11) 1 (14) 1 (17) 1 (20) 1 (23) 1 (26) 1 (29) 1 (32) 1 (35) 1 (38) 1 (41) 1 (44) 1 (47) 1 (50) 1 (53) 1 (56) 1 (59) 1 (62) 1 (65) 1 (68) 1 (71) 1 (74) 1 (77) 1 (80) 1 </linea>
			<linea fila="18" compresionDeCeros="true">(10) 1 1 1 1 1 1 1 1 1 (37) 1 1 1 1 1 1 1 1 1 (64) 1 1 1 1 1 1 1 1 1 </linea>
			<linea fila="17" compresionDeCeros="true">(2) 1 (5) 1 (8) 1 (10) 1 1 1 1 1 1 1 1 1 (20) 1 (23) 1 (26) 1 (29) 1 (32) 1 (35) 1 (37) 1 1 1 1 1 1 1 1 1 (47) 1 (50) 1 (53) 1 (56) 1 (59) 1 (62) 1 (64) 1 1 1 1 1 1 1 1 1 (74) 1 (77) 1 (80) 1 </linea>
			<linea fila="16" compresionDeCeros="true">(10) 1 1 1 1 1 1 1 1 1 (37) 1 1 1 1 1 1 1 1 1 (64) 1 1 1 1 1 1 1 1 1 </linea>
			<linea fila="15" compresionDeCeros="true">(4) 1 1 1 (10) 1 1 1 1 1 1 1 1 1 (22) 1 1 1 (31) 1 1 1 (37) 1 1 1 1 1 1 1 1 1 (49) 1 1 1 (58) 1 1 1 (64) 1 1 1 1 1 1 1 1 1 (76) 1 1 1 </linea>
			<linea fila="14" compresionDeCeros="true">(2) 1 (4) 1 1 1 (8) 1 (10) 1 1 1 1 1 1 1 1 1 (20) 1 (22) 1 1 1 (26) 1 (29) 1 (31) 1 1 1 (35) 1 (37) 1 1 1 1 1 1 1 1 1 (47) 1 (49) 1 1 1 (53) 1 (56) 1 (58) 1 1 1 (62) 1 (64) 1 1 1 1 1 1 1 1 1 (74) 1 (76) 1 1 1 (80) 1 </linea>
			<linea fila="13" compresionDeCeros="true">(4) 1 1 1 (10) 1 1 1 1 1 1 1 1 1 (22) 1 1 1 (31) 1 1 1 (37) 1 1 1 1 1 1 1 1 1 (49) 1 1 1 (58) 1 1 1 (64) 1 1 1 1 1 1 1 1 1 (76) 1 1 1 </linea>
			<linea fila="12" compresionDeCeros="true">(10) 1 1 1 1 1 1 1 1 1 (37) 1 1 1 1 1 1 1 1 1 (64) 1 1 1 1 1 1 1 1 1 </linea>
			<linea fila="11" compresionDeCeros="true">(2) 1 (5) 1 (8) 1 (10) 1 1 1 1 1 1 1 1 1 (20) 1 (23) 1 (26) 1 (29) 1 (32) 1 (35) 1 (37) 1 1 1 1 1 1 1 1 1 (47) 1 (50) 1 (53) 1 (56) 1 (59) 1 (62) 1 (64) 1 1 1 1 1 1 1 1 1 (74) 1 (77) 1 (80) 1 </linea>
			<linea fila="10" compresionDeCeros="true">(10) 1 1 1 1 1 1 1 1 1 (37) 1 1 1 1 1 1 1 1 1 (64) 1 1 1 1 1 1 1 1 1 </linea>
			<linea fila="8" compresionDeCeros="true">(2) 1 (5) 1 (8) 1 (11) 1 (14) 1 (17) 1 (20) 1 (23) 1 (26) 1 (29) 1 (32) 1 (35) 1 (38) 1 (41) 1 (44) 1 (47) 1 (50) 1 (53) 1 (56) 1 (59) 1 (62) 1 (65) 1 (68) 1 (71) 1 (74) 1 (77) 1 (80) 1 </linea>
			<linea fila="6" compresionDeCeros="true">(4) 1 1 1 (13) 1 1 1 (22) 1 1 1 (31) 1 1 1 (40) 1 1 1 (49) 1 1 1 (58) 1 1 1 (67) 1 1 1 (76) 1 1 1 </linea>
			<linea fila="5" compresionDeCeros="true">(2) 1 (4) 1 1 1 (8) 1 (11) 1 (13) 1 1 1 (17) 1 (20) 1 (22) 1 1 1 (26) 1 (29) 1 (31) 1 1 1 (35) 1 (38) 1 (40) 1 1 1 (44) 1 (47) 1 (49) 1 1 1 (53) 1 (56) 1 (58) 1 1 1 (62) 1 (65) 1 (67) 1 1 1 (71) 1 (74) 1 (76) 1 1 1 (80) 1 </linea>
			<linea fila="4" compresionDeCeros="true">(4) 1 1 1 (13) 1 1 1 (22) 1 1 1 (31) 1 1 1 (40) 1 1 1 (49) 1 1 1 (58) 1 1 1 (67) 1 1 1 (76) 1 1 1 </linea>
			<linea fila="2" compresionDeCeros="true">(2) 1 (5) 1 (8) 1 (11) 1 (14) 1 (17) 1 (20) 1 (23) 1 (26) 1 (29) 1 (32) 1 (35) 1 (38) 1 (41) 1 (44) 1 (47) 1 (50) 1 (53) 1 (56) 1 (59) 1 (62) 1 (65) 1 (68) 1 (71) 1 (74) 1 (77) 1 (80) 1 </linea>
		</mundo>
	</mundos>
	<programas>
		<programa nombre="p1" resultadoEjecucion="FIN PROGRAMA"/>
	</programas>
</resultados>

